<?xml version="1.0" encoding="UTF-8"?>
<!-- Generated by org.testng.reporters.JUnitReportReporter -->
<testsuite hostname="admin-desktop" failures="0" tests="2" name="com.bridgelabz.test.GetAPITest" time="1.383" errors="0" timestamp="2019-12-24T16:56:29 IST" skipped="0">
  <testcase classname="com.bridgelabz.test.GetAPITest" name="getAPITestWithoutHeaders" time="0.469"/>
  <testcase classname="com.bridgelabz.test.GetAPITest" name="getAPITestWithHeaders" time="0.914"/>
</testsuite> <!-- com.bridgelabz.test.GetAPITest -->
