<?xml version="1.0" encoding="UTF-8"?>
<!-- Generated by org.testng.reporters.JUnitReportReporter -->
<testsuite hostname="admin-desktop" failures="0" tests="1" name="com.bridgelabz.test.PostAPITest" time="1.162" errors="0" timestamp="2019-12-24T18:47:28 IST" skipped="0">
  <testcase classname="com.bridgelabz.test.PostAPITest" name="postAPITest" time="1.162"/>
</testsuite> <!-- com.bridgelabz.test.PostAPITest -->
